This file contains any messages produced by compilers while
running configure, to aid debugging if configure makes a mistake.

It was created by labyrint_mlq configure 0.4, which was
generated by GNU Autoconf 2.71.  Invocation command line was

  $ ./configure

## --------- ##
## Platform. ##
## --------- ##

hostname = menglq-ThinkPad-L14-Gen-1
uname -m = x86_64
uname -r = 6.2.0-37-generic
uname -s = Linux
uname -v = #38~22.04.1-Ubuntu SMP PREEMPT_DYNAMIC Thu Nov  2 18:01:13 UTC 2

/usr/bin/uname -p = x86_64
/bin/uname -X     = unknown

/bin/arch              = x86_64
/usr/bin/arch -k       = unknown
/usr/convex/getsysinfo = unknown
/usr/bin/hostinfo      = unknown
/bin/machine           = unknown
/usr/bin/oslevel       = unknown
/bin/universe          = unknown

PATH: /home/menglq/.local/bin/
PATH: /usr/local/sbin/
PATH: /usr/local/bin/
PATH: /usr/sbin/
PATH: /usr/bin/
PATH: /sbin/
PATH: /bin/
PATH: /usr/games/
PATH: /usr/local/games/
PATH: /snap/bin/


## ----------- ##
## Core tests. ##
## ----------- ##

configure:2172: looking for aux files: compile missing install-sh
configure:2185:  trying ./
configure:2214:   ./compile found
configure:2214:   ./missing found
configure:2196:   ./install-sh found
configure:2343: checking for a BSD-compatible install
configure:2416: result: /usr/bin/install -c
configure:2427: checking whether build environment is sane
configure:2482: result: yes
configure:2641: checking for a race-free mkdir -p
configure:2685: result: /usr/bin/mkdir -p
configure:2692: checking for gawk
configure:2713: found /usr/bin/gawk
configure:2724: result: gawk
configure:2735: checking whether make sets $(MAKE)
configure:2758: result: yes
configure:2788: checking whether make supports nested variables
configure:2806: result: yes
configure:3010: checking for gcc
configure:3031: found /usr/bin/gcc
configure:3042: result: gcc
configure:3395: checking for C compiler version
configure:3404: gcc --version >&5
gcc (Ubuntu 11.4.0-1ubuntu1~22.04) 11.4.0
Copyright (C) 2021 Free Software Foundation, Inc.
This is free software; see the source for copying conditions.  There is NO
warranty; not even for MERCHANTABILITY or FITNESS FOR A PARTICULAR PURPOSE.

configure:3415: $? = 0
configure:3404: gcc -v >&5
Using built-in specs.
COLLECT_GCC=gcc
COLLECT_LTO_WRAPPER=/usr/lib/gcc/x86_64-linux-gnu/11/lto-wrapper
OFFLOAD_TARGET_NAMES=nvptx-none:amdgcn-amdhsa
OFFLOAD_TARGET_DEFAULT=1
Target: x86_64-linux-gnu
Configured with: ../src/configure -v --with-pkgversion='Ubuntu 11.4.0-1ubuntu1~22.04' --with-bugurl=file:///usr/share/doc/gcc-11/README.Bugs --enable-languages=c,ada,c++,go,brig,d,fortran,objc,obj-c++,m2 --prefix=/usr --with-gcc-major-version-only --program-suffix=-11 --program-prefix=x86_64-linux-gnu- --enable-shared --enable-linker-build-id --libexecdir=/usr/lib --without-included-gettext --enable-threads=posix --libdir=/usr/lib --enable-nls --enable-bootstrap --enable-clocale=gnu --enable-libstdcxx-debug --enable-libstdcxx-time=yes --with-default-libstdcxx-abi=new --enable-gnu-unique-object --disable-vtable-verify --enable-plugin --enable-default-pie --with-system-zlib --enable-libphobos-checking=release --with-target-system-zlib=auto --enable-objc-gc=auto --enable-multiarch --disable-werror --enable-cet --with-arch-32=i686 --with-abi=m64 --with-multilib-list=m32,m64,mx32 --enable-multilib --with-tune=generic --enable-offload-targets=nvptx-none=/build/gcc-11-XeT9lY/gcc-11-11.4.0/debian/tmp-nvptx/usr,amdgcn-amdhsa=/build/gcc-11-XeT9lY/gcc-11-11.4.0/debian/tmp-gcn/usr --without-cuda-driver --enable-checking=release --build=x86_64-linux-gnu --host=x86_64-linux-gnu --target=x86_64-linux-gnu --with-build-config=bootstrap-lto-lean --enable-link-serialization=2
Thread model: posix
Supported LTO compression algorithms: zlib zstd
gcc version 11.4.0 (Ubuntu 11.4.0-1ubuntu1~22.04) 
... rest of stderr output deleted ...
configure:3415: $? = 0
configure:3404: gcc -V >&5
gcc: error: unrecognized command-line option '-V'
gcc: fatal error: no input files
compilation terminated.
configure:3415: $? = 1
configure:3404: gcc -qversion >&5
gcc: error: unrecognized command-line option '-qversion'; did you mean '--version'?
gcc: fatal error: no input files
compilation terminated.
configure:3415: $? = 1
configure:3404: gcc -version >&5
gcc: error: unrecognized command-line option '-version'
gcc: fatal error: no input files
compilation terminated.
configure:3415: $? = 1
configure:3435: checking whether the C compiler works
configure:3457: gcc    conftest.c  >&5
configure:3461: $? = 0
configure:3511: result: yes
configure:3514: checking for C compiler default output file name
configure:3516: result: a.out
configure:3522: checking for suffix of executables
configure:3529: gcc -o conftest    conftest.c  >&5
configure:3533: $? = 0
configure:3556: result: 
configure:3578: checking whether we are cross compiling
configure:3586: gcc -o conftest    conftest.c  >&5
configure:3590: $? = 0
configure:3597: ./conftest
configure:3601: $? = 0
configure:3616: result: no
configure:3621: checking for suffix of object files
configure:3644: gcc -c   conftest.c >&5
configure:3648: $? = 0
configure:3670: result: o
configure:3674: checking whether the compiler supports GNU C
configure:3694: gcc -c   conftest.c >&5
configure:3694: $? = 0
configure:3704: result: yes
configure:3715: checking whether gcc accepts -g
configure:3736: gcc -c -g  conftest.c >&5
configure:3736: $? = 0
configure:3780: result: yes
configure:3800: checking for gcc option to enable C11 features
configure:3815: gcc  -c -g -O2  conftest.c >&5
configure:3815: $? = 0
configure:3833: result: none needed
configure:3949: checking whether gcc understands -c and -o together
configure:3972: gcc -c conftest.c -o conftest2.o
configure:3975: $? = 0
configure:3972: gcc -c conftest.c -o conftest2.o
configure:3975: $? = 0
configure:3987: result: yes
configure:4007: checking whether make supports the include directive
configure:4022: make -f confmf.GNU && cat confinc.out
this is the am__doit target
configure:4025: $? = 0
configure:4044: result: yes (GNU style)
configure:4070: checking dependency style of gcc
configure:4182: result: gcc3
configure:4206: checking for stdio.h
configure:4206: gcc -c -g -O2  conftest.c >&5
configure:4206: $? = 0
configure:4206: result: yes
configure:4206: checking for stdlib.h
configure:4206: gcc -c -g -O2  conftest.c >&5
configure:4206: $? = 0
configure:4206: result: yes
configure:4206: checking for string.h
configure:4206: gcc -c -g -O2  conftest.c >&5
configure:4206: $? = 0
configure:4206: result: yes
configure:4206: checking for inttypes.h
configure:4206: gcc -c -g -O2  conftest.c >&5
configure:4206: $? = 0
configure:4206: result: yes
configure:4206: checking for stdint.h
configure:4206: gcc -c -g -O2  conftest.c >&5
configure:4206: $? = 0
configure:4206: result: yes
configure:4206: checking for strings.h
configure:4206: gcc -c -g -O2  conftest.c >&5
configure:4206: $? = 0
configure:4206: result: yes
configure:4206: checking for sys/stat.h
configure:4206: gcc -c -g -O2  conftest.c >&5
configure:4206: $? = 0
configure:4206: result: yes
configure:4206: checking for sys/types.h
configure:4206: gcc -c -g -O2  conftest.c >&5
configure:4206: $? = 0
configure:4206: result: yes
configure:4206: checking for unistd.h
configure:4206: gcc -c -g -O2  conftest.c >&5
configure:4206: $? = 0
configure:4206: result: yes
configure:4231: checking for time.h
configure:4231: gcc -c -g -O2  conftest.c >&5
configure:4231: $? = 0
configure:4231: result: yes
configure:4237: checking for stdlib.h
configure:4237: result: yes
configure:4352: checking that generated files are newer than configure
configure:4358: result: done
configure:4381: creating ./config.status

## ---------------------- ##
## Running config.status. ##
## ---------------------- ##

This file was extended by labyrint_mlq config.status 0.4, which was
generated by GNU Autoconf 2.71.  Invocation command line was

  CONFIG_FILES    = 
  CONFIG_HEADERS  = 
  CONFIG_LINKS    = 
  CONFIG_COMMANDS = 
  $ ./config.status 

on menglq-ThinkPad-L14-Gen-1

config.status:848: creating Makefile
config.status:848: creating config.h
config.status:1029: config.h is unchanged
config.status:1077: executing depfiles commands
config.status:1154: cd .       && sed -e '/# am--include-marker/d' Makefile         | make -f - am--depfiles
make: Nothing to be done for 'am--depfiles'.
config.status:1159: $? = 0

## ---------------- ##
## Cache variables. ##
## ---------------- ##

ac_cv_c_compiler_gnu=yes
ac_cv_env_CC_set=
ac_cv_env_CC_value=
ac_cv_env_CFLAGS_set=
ac_cv_env_CFLAGS_value=
ac_cv_env_CPPFLAGS_set=
ac_cv_env_CPPFLAGS_value=
ac_cv_env_LDFLAGS_set=
ac_cv_env_LDFLAGS_value=
ac_cv_env_LIBS_set=
ac_cv_env_LIBS_value=
ac_cv_env_build_alias_set=
ac_cv_env_build_alias_value=
ac_cv_env_host_alias_set=
ac_cv_env_host_alias_value=
ac_cv_env_target_alias_set=
ac_cv_env_target_alias_value=
ac_cv_header_inttypes_h=yes
ac_cv_header_stdint_h=yes
ac_cv_header_stdio_h=yes
ac_cv_header_stdlib_h=yes
ac_cv_header_string_h=yes
ac_cv_header_strings_h=yes
ac_cv_header_sys_stat_h=yes
ac_cv_header_sys_types_h=yes
ac_cv_header_time_h=yes
ac_cv_header_unistd_h=yes
ac_cv_objext=o
ac_cv_path_install='/usr/bin/install -c'
ac_cv_path_mkdir=/usr/bin/mkdir
ac_cv_prog_AWK=gawk
ac_cv_prog_ac_ct_CC=gcc
ac_cv_prog_cc_c11=
ac_cv_prog_cc_g=yes
ac_cv_prog_cc_stdc=
ac_cv_prog_make_make_set=yes
am_cv_CC_dependencies_compiler_type=gcc3
am_cv_make_support_nested_variables=yes
am_cv_prog_cc_c_o=yes

## ----------------- ##
## Output variables. ##
## ----------------- ##

ACLOCAL='${SHELL} '\''/home/menglq/wen2jian4/programming/gitRepo/DVRPOdGNULinux_dz2023/12_InstallPackage/missing'\'' aclocal-1.16'
AMDEPBACKSLASH='\'
AMDEP_FALSE='#'
AMDEP_TRUE=''
AMTAR='$${TAR-tar}'
AM_BACKSLASH='\'
AM_DEFAULT_V='$(AM_DEFAULT_VERBOSITY)'
AM_DEFAULT_VERBOSITY='1'
AM_V='$(V)'
AUTOCONF='${SHELL} '\''/home/menglq/wen2jian4/programming/gitRepo/DVRPOdGNULinux_dz2023/12_InstallPackage/missing'\'' autoconf'
AUTOHEADER='${SHELL} '\''/home/menglq/wen2jian4/programming/gitRepo/DVRPOdGNULinux_dz2023/12_InstallPackage/missing'\'' autoheader'
AUTOMAKE='${SHELL} '\''/home/menglq/wen2jian4/programming/gitRepo/DVRPOdGNULinux_dz2023/12_InstallPackage/missing'\'' automake-1.16'
AWK='gawk'
CC='gcc'
CCDEPMODE='depmode=gcc3'
CFLAGS='-g -O2'
CPPFLAGS=''
CSCOPE='cscope'
CTAGS='ctags'
CYGPATH_W='echo'
DEFS='-DHAVE_CONFIG_H'
DEPDIR='.deps'
ECHO_C=''
ECHO_N='-n'
ECHO_T=''
ETAGS='etags'
EXEEXT=''
INSTALL_DATA='${INSTALL} -m 644'
INSTALL_PROGRAM='${INSTALL}'
INSTALL_SCRIPT='${INSTALL}'
INSTALL_STRIP_PROGRAM='$(install_sh) -c -s'
LDFLAGS=''
LIBOBJS=''
LIBS=''
LTLIBOBJS=''
MAKEINFO='${SHELL} '\''/home/menglq/wen2jian4/programming/gitRepo/DVRPOdGNULinux_dz2023/12_InstallPackage/missing'\'' makeinfo'
MKDIR_P='/usr/bin/mkdir -p'
OBJEXT='o'
PACKAGE='labyrint_mlq'
PACKAGE_BUGREPORT='kostya45e@mail.ru'
PACKAGE_NAME='labyrint_mlq'
PACKAGE_STRING='labyrint_mlq 0.4'
PACKAGE_TARNAME='labyrint_mlq'
PACKAGE_URL=''
PACKAGE_VERSION='0.4'
PATH_SEPARATOR=':'
SET_MAKE=''
SHELL='/bin/bash'
STRIP=''
VERSION='0.4'
ac_ct_CC='gcc'
am__EXEEXT_FALSE=''
am__EXEEXT_TRUE='#'
am__fastdepCC_FALSE='#'
am__fastdepCC_TRUE=''
am__include='include'
am__isrc=''
am__leading_dot='.'
am__nodep='_no'
am__quote=''
am__tar='$${TAR-tar} chof - "$$tardir"'
am__untar='$${TAR-tar} xf -'
bindir='${exec_prefix}/bin'
build_alias=''
datadir='${datarootdir}'
datarootdir='${prefix}/share'
docdir='${datarootdir}/doc/${PACKAGE_TARNAME}'
dvidir='${docdir}'
exec_prefix='${prefix}'
host_alias=''
htmldir='${docdir}'
includedir='${prefix}/include'
infodir='${datarootdir}/info'
install_sh='${SHELL} /home/menglq/wen2jian4/programming/gitRepo/DVRPOdGNULinux_dz2023/12_InstallPackage/install-sh'
libdir='${exec_prefix}/lib'
libexecdir='${exec_prefix}/libexec'
localedir='${datarootdir}/locale'
localstatedir='${prefix}/var'
mandir='${datarootdir}/man'
mkdir_p='$(MKDIR_P)'
oldincludedir='/usr/include'
pdfdir='${docdir}'
prefix='/usr/local'
program_transform_name='s,x,x,'
psdir='${docdir}'
runstatedir='${localstatedir}/run'
sbindir='${exec_prefix}/sbin'
sharedstatedir='${prefix}/com'
sysconfdir='${prefix}/etc'
target_alias=''

## ----------- ##
## confdefs.h. ##
## ----------- ##

/* confdefs.h */
#define PACKAGE_NAME "labyrint_mlq"
#define PACKAGE_TARNAME "labyrint_mlq"
#define PACKAGE_VERSION "0.4"
#define PACKAGE_STRING "labyrint_mlq 0.4"
#define PACKAGE_BUGREPORT "kostya45e@mail.ru"
#define PACKAGE_URL ""
#define PACKAGE "labyrint_mlq"
#define VERSION "0.4"
#define HAVE_STDIO_H 1
#define HAVE_STDLIB_H 1
#define HAVE_STRING_H 1
#define HAVE_INTTYPES_H 1
#define HAVE_STDINT_H 1
#define HAVE_STRINGS_H 1
#define HAVE_SYS_STAT_H 1
#define HAVE_SYS_TYPES_H 1
#define HAVE_UNISTD_H 1
#define STDC_HEADERS 1
#define HAVE_TIME_H 1
#define HAVE_STDLIB_H 1

configure: exit 0
