This file contains any messages produced by compilers while
running configure, to aid debugging if configure makes a mistake.

It was created by I18n_DZ configure 0.00, which was
generated by GNU Autoconf 2.71.  Invocation command line was

  $ ./configure

## --------- ##
## Platform. ##
## --------- ##

hostname = menglq-ThinkPad-L14-Gen-1
uname -m = x86_64
uname -r = 6.2.0-33-generic
uname -s = Linux
uname -v = #33~22.04.1-Ubuntu SMP PREEMPT_DYNAMIC Thu Sep  7 10:33:52 UTC 2

/usr/bin/uname -p = x86_64
/bin/uname -X     = unknown

/bin/arch              = x86_64
/usr/bin/arch -k       = unknown
/usr/convex/getsysinfo = unknown
/usr/bin/hostinfo      = unknown
/bin/machine           = unknown
/usr/bin/oslevel       = unknown
/bin/universe          = unknown

PATH: /lib/anaconda3/bin/
PATH: /usr/local/sbin/
PATH: /usr/local/bin/
PATH: /usr/sbin/
PATH: /usr/bin/
PATH: /sbin/
PATH: /bin/
PATH: /usr/games/
PATH: /usr/local/games/
PATH: /snap/bin/


## ----------- ##
## Core tests. ##
## ----------- ##

configure:2281: looking for aux files: compile missing install-sh
configure:2294:  trying ./
configure:2323:   ./compile found
configure:2323:   ./missing found
configure:2305:   ./install-sh found
configure:2452: checking for a BSD-compatible install
configure:2525: result: /usr/bin/install -c
configure:2536: checking whether build environment is sane
configure:2591: result: yes
configure:2750: checking for a race-free mkdir -p
configure:2794: result: /usr/bin/mkdir -p
configure:2801: checking for gawk
configure:2822: found /usr/bin/gawk
configure:2833: result: gawk
configure:2844: checking whether make sets $(MAKE)
configure:2867: result: yes
configure:2897: checking whether make supports nested variables
configure:2915: result: yes
configure:3123: checking for gcc
configure:3144: found /usr/bin/gcc
configure:3155: result: gcc
configure:3508: checking for C compiler version
configure:3517: gcc --version >&5
gcc (Ubuntu 11.4.0-1ubuntu1~22.04) 11.4.0
Copyright (C) 2021 Free Software Foundation, Inc.
This is free software; see the source for copying conditions.  There is NO
warranty; not even for MERCHANTABILITY or FITNESS FOR A PARTICULAR PURPOSE.

configure:3528: $? = 0
configure:3517: gcc -v >&5
Using built-in specs.
COLLECT_GCC=gcc
COLLECT_LTO_WRAPPER=/usr/lib/gcc/x86_64-linux-gnu/11/lto-wrapper
OFFLOAD_TARGET_NAMES=nvptx-none:amdgcn-amdhsa
OFFLOAD_TARGET_DEFAULT=1
Target: x86_64-linux-gnu
Configured with: ../src/configure -v --with-pkgversion='Ubuntu 11.4.0-1ubuntu1~22.04' --with-bugurl=file:///usr/share/doc/gcc-11/README.Bugs --enable-languages=c,ada,c++,go,brig,d,fortran,objc,obj-c++,m2 --prefix=/usr --with-gcc-major-version-only --program-suffix=-11 --program-prefix=x86_64-linux-gnu- --enable-shared --enable-linker-build-id --libexecdir=/usr/lib --without-included-gettext --enable-threads=posix --libdir=/usr/lib --enable-nls --enable-bootstrap --enable-clocale=gnu --enable-libstdcxx-debug --enable-libstdcxx-time=yes --with-default-libstdcxx-abi=new --enable-gnu-unique-object --disable-vtable-verify --enable-plugin --enable-default-pie --with-system-zlib --enable-libphobos-checking=release --with-target-system-zlib=auto --enable-objc-gc=auto --enable-multiarch --disable-werror --enable-cet --with-arch-32=i686 --with-abi=m64 --with-multilib-list=m32,m64,mx32 --enable-multilib --with-tune=generic --enable-offload-targets=nvptx-none=/build/gcc-11-XeT9lY/gcc-11-11.4.0/debian/tmp-nvptx/usr,amdgcn-amdhsa=/build/gcc-11-XeT9lY/gcc-11-11.4.0/debian/tmp-gcn/usr --without-cuda-driver --enable-checking=release --build=x86_64-linux-gnu --host=x86_64-linux-gnu --target=x86_64-linux-gnu --with-build-config=bootstrap-lto-lean --enable-link-serialization=2
Thread model: posix
Supported LTO compression algorithms: zlib zstd
gcc version 11.4.0 (Ubuntu 11.4.0-1ubuntu1~22.04) 
... rest of stderr output deleted ...
configure:3528: $? = 0
configure:3517: gcc -V >&5
gcc: error: unrecognized command-line option '-V'
gcc: fatal error: no input files
compilation terminated.
configure:3528: $? = 1
configure:3517: gcc -qversion >&5
gcc: error: unrecognized command-line option '-qversion'; did you mean '--version'?
gcc: fatal error: no input files
compilation terminated.
configure:3528: $? = 1
configure:3517: gcc -version >&5
gcc: error: unrecognized command-line option '-version'
gcc: fatal error: no input files
compilation terminated.
configure:3528: $? = 1
configure:3548: checking whether the C compiler works
configure:3570: gcc    conftest.c  >&5
configure:3574: $? = 0
configure:3624: result: yes
configure:3627: checking for C compiler default output file name
configure:3629: result: a.out
configure:3635: checking for suffix of executables
configure:3642: gcc -o conftest    conftest.c  >&5
configure:3646: $? = 0
configure:3669: result: 
configure:3691: checking whether we are cross compiling
configure:3699: gcc -o conftest    conftest.c  >&5
configure:3703: $? = 0
configure:3710: ./conftest
configure:3714: $? = 0
configure:3729: result: no
configure:3734: checking for suffix of object files
configure:3757: gcc -c   conftest.c >&5
configure:3761: $? = 0
configure:3783: result: o
configure:3787: checking whether the compiler supports GNU C
configure:3807: gcc -c   conftest.c >&5
configure:3807: $? = 0
configure:3817: result: yes
configure:3828: checking whether gcc accepts -g
configure:3849: gcc -c -g  conftest.c >&5
configure:3849: $? = 0
configure:3893: result: yes
configure:3913: checking for gcc option to enable C11 features
configure:3928: gcc  -c -g -O2  conftest.c >&5
configure:3928: $? = 0
configure:3946: result: none needed
configure:4062: checking whether gcc understands -c and -o together
configure:4085: gcc -c conftest.c -o conftest2.o
configure:4088: $? = 0
configure:4085: gcc -c conftest.c -o conftest2.o
configure:4088: $? = 0
configure:4100: result: yes
configure:4120: checking whether make supports the include directive
configure:4135: make -f confmf.GNU && cat confinc.out
this is the am__doit target
configure:4138: $? = 0
configure:4157: result: yes (GNU style)
configure:4183: checking dependency style of gcc
configure:4295: result: gcc3
configure:4320: checking for stdio.h
configure:4320: gcc -c -g -O2  conftest.c >&5
configure:4320: $? = 0
configure:4320: result: yes
configure:4320: checking for stdlib.h
configure:4320: gcc -c -g -O2  conftest.c >&5
configure:4320: $? = 0
configure:4320: result: yes
configure:4320: checking for string.h
configure:4320: gcc -c -g -O2  conftest.c >&5
configure:4320: $? = 0
configure:4320: result: yes
configure:4320: checking for inttypes.h
configure:4320: gcc -c -g -O2  conftest.c >&5
configure:4320: $? = 0
configure:4320: result: yes
configure:4320: checking for stdint.h
configure:4320: gcc -c -g -O2  conftest.c >&5
configure:4320: $? = 0
configure:4320: result: yes
configure:4320: checking for strings.h
configure:4320: gcc -c -g -O2  conftest.c >&5
configure:4320: $? = 0
configure:4320: result: yes
configure:4320: checking for sys/stat.h
configure:4320: gcc -c -g -O2  conftest.c >&5
configure:4320: $? = 0
configure:4320: result: yes
configure:4320: checking for sys/types.h
configure:4320: gcc -c -g -O2  conftest.c >&5
configure:4320: $? = 0
configure:4320: result: yes
configure:4320: checking for unistd.h
configure:4320: gcc -c -g -O2  conftest.c >&5
configure:4320: $? = 0
configure:4320: result: yes
configure:4345: checking for libintl.h
configure:4345: gcc -c -g -O2  conftest.c >&5
configure:4345: $? = 0
configure:4345: result: yes
configure:4351: checking for locale.h
configure:4351: gcc -c -g -O2  conftest.c >&5
configure:4351: $? = 0
configure:4351: result: yes
configure:4357: checking for stdlib.h
configure:4357: result: yes
configure:4368: checking for realpath
configure:4368: gcc -o conftest -g -O2   conftest.c  >&5
configure:4368: $? = 0
configure:4368: result: yes
configure:4374: checking for setlocale
configure:4374: gcc -o conftest -g -O2   conftest.c  >&5
configure:4374: $? = 0
configure:4374: result: yes
configure:4485: checking that generated files are newer than configure
configure:4491: result: done
configure:4514: creating ./config.status

## ---------------------- ##
## Running config.status. ##
## ---------------------- ##

This file was extended by I18n_DZ config.status 0.00, which was
generated by GNU Autoconf 2.71.  Invocation command line was

  CONFIG_FILES    = 
  CONFIG_HEADERS  = 
  CONFIG_LINKS    = 
  CONFIG_COMMANDS = 
  $ ./config.status 

on menglq-ThinkPad-L14-Gen-1

config.status:851: creating Makefile
config.status:851: creating config.h
config.status:1080: executing depfiles commands
config.status:1157: cd .       && sed -e '/# am--include-marker/d' Makefile         | make -f - am--depfiles
config.status:1162: $? = 0

## ---------------- ##
## Cache variables. ##
## ---------------- ##

ac_cv_c_compiler_gnu=yes
ac_cv_env_CC_set=
ac_cv_env_CC_value=
ac_cv_env_CFLAGS_set=
ac_cv_env_CFLAGS_value=
ac_cv_env_CPPFLAGS_set=
ac_cv_env_CPPFLAGS_value=
ac_cv_env_LDFLAGS_set=
ac_cv_env_LDFLAGS_value=
ac_cv_env_LIBS_set=
ac_cv_env_LIBS_value=
ac_cv_env_build_alias_set=
ac_cv_env_build_alias_value=
ac_cv_env_host_alias_set=
ac_cv_env_host_alias_value=
ac_cv_env_target_alias_set=
ac_cv_env_target_alias_value=
ac_cv_func_realpath=yes
ac_cv_func_setlocale=yes
ac_cv_header_inttypes_h=yes
ac_cv_header_libintl_h=yes
ac_cv_header_locale_h=yes
ac_cv_header_stdint_h=yes
ac_cv_header_stdio_h=yes
ac_cv_header_stdlib_h=yes
ac_cv_header_string_h=yes
ac_cv_header_strings_h=yes
ac_cv_header_sys_stat_h=yes
ac_cv_header_sys_types_h=yes
ac_cv_header_unistd_h=yes
ac_cv_objext=o
ac_cv_path_install='/usr/bin/install -c'
ac_cv_path_mkdir=/usr/bin/mkdir
ac_cv_prog_AWK=gawk
ac_cv_prog_ac_ct_CC=gcc
ac_cv_prog_cc_c11=
ac_cv_prog_cc_g=yes
ac_cv_prog_cc_stdc=
ac_cv_prog_make_make_set=yes
am_cv_CC_dependencies_compiler_type=gcc3
am_cv_make_support_nested_variables=yes
am_cv_prog_cc_c_o=yes

## ----------------- ##
## Output variables. ##
## ----------------- ##

ACLOCAL='${SHELL} '\''/home/menglq/wen2jian4/programming/gitRepo/DVRPOdGNULinux_dz2023/08_I18n(backup1)（复件）/missing'\'' aclocal-1.16'
AMDEPBACKSLASH='\'
AMDEP_FALSE='#'
AMDEP_TRUE=''
AMTAR='$${TAR-tar}'
AM_BACKSLASH='\'
AM_DEFAULT_V='$(AM_DEFAULT_VERBOSITY)'
AM_DEFAULT_VERBOSITY='1'
AM_V='$(V)'
AUTOCONF='${SHELL} '\''/home/menglq/wen2jian4/programming/gitRepo/DVRPOdGNULinux_dz2023/08_I18n(backup1)（复件）/missing'\'' autoconf'
AUTOHEADER='${SHELL} '\''/home/menglq/wen2jian4/programming/gitRepo/DVRPOdGNULinux_dz2023/08_I18n(backup1)（复件）/missing'\'' autoheader'
AUTOMAKE='${SHELL} '\''/home/menglq/wen2jian4/programming/gitRepo/DVRPOdGNULinux_dz2023/08_I18n(backup1)（复件）/missing'\'' automake-1.16'
AWK='gawk'
CC='gcc'
CCDEPMODE='depmode=gcc3'
CFLAGS='-g -O2'
CPPFLAGS=''
CSCOPE='cscope'
CTAGS='ctags'
CYGPATH_W='echo'
DEFS='-DHAVE_CONFIG_H'
DEPDIR='.deps'
ECHO_C=''
ECHO_N='-n'
ECHO_T=''
ETAGS='etags'
EXEEXT=''
INSTALL_DATA='${INSTALL} -m 644'
INSTALL_PROGRAM='${INSTALL}'
INSTALL_SCRIPT='${INSTALL}'
INSTALL_STRIP_PROGRAM='$(install_sh) -c -s'
LDFLAGS=''
LIBOBJS=''
LIBS=''
LTLIBOBJS=''
MAKEINFO='${SHELL} '\''/home/menglq/wen2jian4/programming/gitRepo/DVRPOdGNULinux_dz2023/08_I18n(backup1)（复件）/missing'\'' makeinfo'
MKDIR_P='/usr/bin/mkdir -p'
OBJEXT='o'
PACKAGE='i18n_dz'
PACKAGE_BUGREPORT='kostya45e@mail.ru'
PACKAGE_NAME='I18n_DZ'
PACKAGE_STRING='I18n_DZ 0.00'
PACKAGE_TARNAME='i18n_dz'
PACKAGE_URL=''
PACKAGE_VERSION='0.00'
PATH_SEPARATOR=':'
SET_MAKE=''
SHELL='/bin/bash'
STRIP=''
VERSION='0.00'
ac_ct_CC='gcc'
am__EXEEXT_FALSE=''
am__EXEEXT_TRUE='#'
am__fastdepCC_FALSE='#'
am__fastdepCC_TRUE=''
am__include='include'
am__isrc=''
am__leading_dot='.'
am__nodep='_no'
am__quote=''
am__tar='$${TAR-tar} chof - "$$tardir"'
am__untar='$${TAR-tar} xf -'
bindir='${exec_prefix}/bin'
build_alias=''
datadir='${datarootdir}'
datarootdir='${prefix}/share'
docdir='${datarootdir}/doc/${PACKAGE_TARNAME}'
dvidir='${docdir}'
exec_prefix='${prefix}'
host_alias=''
htmldir='${docdir}'
includedir='${prefix}/include'
infodir='${datarootdir}/info'
install_sh='${SHELL} /home/menglq/wen2jian4/programming/gitRepo/DVRPOdGNULinux_dz2023/08_I18n(backup1)（复件）/install-sh'
libdir='${exec_prefix}/lib'
libexecdir='${exec_prefix}/libexec'
localedir='${datarootdir}/locale'
localstatedir='${prefix}/var'
mandir='${datarootdir}/man'
mkdir_p='$(MKDIR_P)'
oldincludedir='/usr/include'
pdfdir='${docdir}'
prefix='/usr/local'
program_transform_name='s,x,x,'
psdir='${docdir}'
runstatedir='${localstatedir}/run'
sbindir='${exec_prefix}/sbin'
sharedstatedir='${prefix}/com'
sysconfdir='${prefix}/etc'
target_alias=''

## ----------- ##
## confdefs.h. ##
## ----------- ##

/* confdefs.h */
#define PACKAGE_NAME "I18n_DZ"
#define PACKAGE_TARNAME "i18n_dz"
#define PACKAGE_VERSION "0.00"
#define PACKAGE_STRING "I18n_DZ 0.00"
#define PACKAGE_BUGREPORT "kostya45e@mail.ru"
#define PACKAGE_URL ""
#define PACKAGE "i18n_dz"
#define VERSION "0.00"
#define HAVE_STDIO_H 1
#define HAVE_STDLIB_H 1
#define HAVE_STRING_H 1
#define HAVE_INTTYPES_H 1
#define HAVE_STDINT_H 1
#define HAVE_STRINGS_H 1
#define HAVE_SYS_STAT_H 1
#define HAVE_SYS_TYPES_H 1
#define HAVE_UNISTD_H 1
#define STDC_HEADERS 1
#define HAVE_LIBINTL_H 1
#define HAVE_LOCALE_H 1
#define HAVE_STDLIB_H 1
#define HAVE_REALPATH 1
#define HAVE_SETLOCALE 1

configure: exit 0
