This file contains any messages produced by compilers while
running configure, to aid debugging if configure makes a mistake.

It was created by R_HASH_ER configure 0.00, which was
generated by GNU Autoconf 2.71.  Invocation command line was

  $ ./configure --with-readline

## --------- ##
## Platform. ##
## --------- ##

hostname = menglq-ThinkPad-L14-Gen-1
uname -m = x86_64
uname -r = 6.2.0-33-generic
uname -s = Linux
uname -v = #33~22.04.1-Ubuntu SMP PREEMPT_DYNAMIC Thu Sep  7 10:33:52 UTC 2

/usr/bin/uname -p = x86_64
/bin/uname -X     = unknown

/bin/arch              = x86_64
/usr/bin/arch -k       = unknown
/usr/convex/getsysinfo = unknown
/usr/bin/hostinfo      = unknown
/bin/machine           = unknown
/usr/bin/oslevel       = unknown
/bin/universe          = unknown

PATH: /lib/anaconda3/bin/
PATH: /usr/local/sbin/
PATH: /usr/local/bin/
PATH: /usr/sbin/
PATH: /usr/bin/
PATH: /sbin/
PATH: /bin/
PATH: /usr/games/
PATH: /usr/local/games/
PATH: /snap/bin/


## ----------- ##
## Core tests. ##
## ----------- ##

configure:2344: looking for aux files: compile missing install-sh
configure:2357:  trying ./
configure:2386:   ./compile found
configure:2386:   ./missing found
configure:2368:   ./install-sh found
configure:2515: checking for a BSD-compatible install
configure:2588: result: /usr/bin/install -c
configure:2599: checking whether build environment is sane
configure:2654: result: yes
configure:2813: checking for a race-free mkdir -p
configure:2857: result: /usr/bin/mkdir -p
configure:2864: checking for gawk
configure:2885: found /usr/bin/gawk
configure:2896: result: gawk
configure:2907: checking whether make sets $(MAKE)
configure:2930: result: yes
configure:2960: checking whether make supports nested variables
configure:2978: result: yes
configure:3182: checking for gcc
configure:3203: found /usr/bin/gcc
configure:3214: result: gcc
configure:3567: checking for C compiler version
configure:3576: gcc --version >&5
gcc (Ubuntu 11.4.0-1ubuntu1~22.04) 11.4.0
Copyright (C) 2021 Free Software Foundation, Inc.
This is free software; see the source for copying conditions.  There is NO
warranty; not even for MERCHANTABILITY or FITNESS FOR A PARTICULAR PURPOSE.

configure:3587: $? = 0
configure:3576: gcc -v >&5
Using built-in specs.
COLLECT_GCC=gcc
COLLECT_LTO_WRAPPER=/usr/lib/gcc/x86_64-linux-gnu/11/lto-wrapper
OFFLOAD_TARGET_NAMES=nvptx-none:amdgcn-amdhsa
OFFLOAD_TARGET_DEFAULT=1
Target: x86_64-linux-gnu
Configured with: ../src/configure -v --with-pkgversion='Ubuntu 11.4.0-1ubuntu1~22.04' --with-bugurl=file:///usr/share/doc/gcc-11/README.Bugs --enable-languages=c,ada,c++,go,brig,d,fortran,objc,obj-c++,m2 --prefix=/usr --with-gcc-major-version-only --program-suffix=-11 --program-prefix=x86_64-linux-gnu- --enable-shared --enable-linker-build-id --libexecdir=/usr/lib --without-included-gettext --enable-threads=posix --libdir=/usr/lib --enable-nls --enable-bootstrap --enable-clocale=gnu --enable-libstdcxx-debug --enable-libstdcxx-time=yes --with-default-libstdcxx-abi=new --enable-gnu-unique-object --disable-vtable-verify --enable-plugin --enable-default-pie --with-system-zlib --enable-libphobos-checking=release --with-target-system-zlib=auto --enable-objc-gc=auto --enable-multiarch --disable-werror --enable-cet --with-arch-32=i686 --with-abi=m64 --with-multilib-list=m32,m64,mx32 --enable-multilib --with-tune=generic --enable-offload-targets=nvptx-none=/build/gcc-11-XeT9lY/gcc-11-11.4.0/debian/tmp-nvptx/usr,amdgcn-amdhsa=/build/gcc-11-XeT9lY/gcc-11-11.4.0/debian/tmp-gcn/usr --without-cuda-driver --enable-checking=release --build=x86_64-linux-gnu --host=x86_64-linux-gnu --target=x86_64-linux-gnu --with-build-config=bootstrap-lto-lean --enable-link-serialization=2
Thread model: posix
Supported LTO compression algorithms: zlib zstd
gcc version 11.4.0 (Ubuntu 11.4.0-1ubuntu1~22.04) 
... rest of stderr output deleted ...
configure:3587: $? = 0
configure:3576: gcc -V >&5
gcc: error: unrecognized command-line option '-V'
gcc: fatal error: no input files
compilation terminated.
configure:3587: $? = 1
configure:3576: gcc -qversion >&5
gcc: error: unrecognized command-line option '-qversion'; did you mean '--version'?
gcc: fatal error: no input files
compilation terminated.
configure:3587: $? = 1
configure:3576: gcc -version >&5
gcc: error: unrecognized command-line option '-version'
gcc: fatal error: no input files
compilation terminated.
configure:3587: $? = 1
configure:3607: checking whether the C compiler works
configure:3629: gcc    conftest.c  >&5
configure:3633: $? = 0
configure:3683: result: yes
configure:3686: checking for C compiler default output file name
configure:3688: result: a.out
configure:3694: checking for suffix of executables
configure:3701: gcc -o conftest    conftest.c  >&5
configure:3705: $? = 0
configure:3728: result: 
configure:3750: checking whether we are cross compiling
configure:3758: gcc -o conftest    conftest.c  >&5
configure:3762: $? = 0
configure:3769: ./conftest
configure:3773: $? = 0
configure:3788: result: no
configure:3793: checking for suffix of object files
configure:3816: gcc -c   conftest.c >&5
configure:3820: $? = 0
configure:3842: result: o
configure:3846: checking whether the compiler supports GNU C
configure:3866: gcc -c   conftest.c >&5
configure:3866: $? = 0
configure:3876: result: yes
configure:3887: checking whether gcc accepts -g
configure:3908: gcc -c -g  conftest.c >&5
configure:3908: $? = 0
configure:3952: result: yes
configure:3972: checking for gcc option to enable C11 features
configure:3987: gcc  -c -g -O2  conftest.c >&5
configure:3987: $? = 0
configure:4005: result: none needed
configure:4121: checking whether gcc understands -c and -o together
configure:4144: gcc -c conftest.c -o conftest2.o
configure:4147: $? = 0
configure:4144: gcc -c conftest.c -o conftest2.o
configure:4147: $? = 0
configure:4159: result: yes
configure:4179: checking whether make supports the include directive
configure:4194: make -f confmf.GNU && cat confinc.out
this is the am__doit target
configure:4197: $? = 0
configure:4216: result: yes (GNU style)
configure:4242: checking dependency style of gcc
configure:4354: result: gcc3
configure:4372: checking for rhash_library_init in -lrhash
configure:4395: gcc -o conftest -g -O2   conftest.c -lrhash   >&5
configure:4395: $? = 0
configure:4405: result: yes
configure:4420: checking for tputs in -lncurses
configure:4443: gcc -o conftest -g -O2   conftest.c -lncurses  -lrhash  >&5
configure:4443: $? = 0
configure:4453: result: yes
configure:4463: checking for readline in -lreadline -lncurses
configure:4486: gcc -o conftest -g -O2   conftest.c -lreadline -lncurses  -lrhash  >&5
configure:4486: $? = 0
configure:4497: result: yes
configure:4516: checking for stdio.h
configure:4516: gcc -c -g -O2  conftest.c >&5
configure:4516: $? = 0
configure:4516: result: yes
configure:4516: checking for stdlib.h
configure:4516: gcc -c -g -O2  conftest.c >&5
configure:4516: $? = 0
configure:4516: result: yes
configure:4516: checking for string.h
configure:4516: gcc -c -g -O2  conftest.c >&5
configure:4516: $? = 0
configure:4516: result: yes
configure:4516: checking for inttypes.h
configure:4516: gcc -c -g -O2  conftest.c >&5
configure:4516: $? = 0
configure:4516: result: yes
configure:4516: checking for stdint.h
configure:4516: gcc -c -g -O2  conftest.c >&5
configure:4516: $? = 0
configure:4516: result: yes
configure:4516: checking for strings.h
configure:4516: gcc -c -g -O2  conftest.c >&5
configure:4516: $? = 0
configure:4516: result: yes
configure:4516: checking for sys/stat.h
configure:4516: gcc -c -g -O2  conftest.c >&5
configure:4516: $? = 0
configure:4516: result: yes
configure:4516: checking for sys/types.h
configure:4516: gcc -c -g -O2  conftest.c >&5
configure:4516: $? = 0
configure:4516: result: yes
configure:4516: checking for unistd.h
configure:4516: gcc -c -g -O2  conftest.c >&5
configure:4516: $? = 0
configure:4516: result: yes
configure:4541: checking for unistd.h
configure:4541: result: yes
configure:4548: checking for rhash.h
configure:4548: gcc -c -g -O2  conftest.c >&5
configure:4548: $? = 0
configure:4548: result: yes
configure:4554: checking for readline/readline.h
configure:4554: gcc -c -g -O2  conftest.c >&5
configure:4554: $? = 0
configure:4554: result: yes
configure:4562: checking for ssize_t
configure:4562: gcc -c -g -O2  conftest.c >&5
configure:4562: $? = 0
configure:4562: gcc -c -g -O2  conftest.c >&5
conftest.c: In function 'main':
conftest.c:55:22: error: expected expression before ')' token
   55 | if (sizeof ((ssize_t)))
      |                      ^
configure:4562: $? = 1
configure: failed program was:
| /* confdefs.h */
| #define PACKAGE_NAME "R_HASH_ER"
| #define PACKAGE_TARNAME "r_hash_er"
| #define PACKAGE_VERSION "0.00"
| #define PACKAGE_STRING "R_HASH_ER 0.00"
| #define PACKAGE_BUGREPORT "kostya45e@mail.ru"
| #define PACKAGE_URL ""
| #define PACKAGE "r_hash_er"
| #define VERSION "0.00"
| #define HAVE_LIBRHASH 1
| #define HAVE_LIBREADLINE__LNCURSES 1
| #define HAVE_STDIO_H 1
| #define HAVE_STDLIB_H 1
| #define HAVE_STRING_H 1
| #define HAVE_INTTYPES_H 1
| #define HAVE_STDINT_H 1
| #define HAVE_STRINGS_H 1
| #define HAVE_SYS_STAT_H 1
| #define HAVE_SYS_TYPES_H 1
| #define HAVE_UNISTD_H 1
| #define STDC_HEADERS 1
| #define HAVE_UNISTD_H 1
| /* end confdefs.h.  */
| #include <stddef.h>
| #ifdef HAVE_STDIO_H
| # include <stdio.h>
| #endif
| #ifdef HAVE_STDLIB_H
| # include <stdlib.h>
| #endif
| #ifdef HAVE_STRING_H
| # include <string.h>
| #endif
| #ifdef HAVE_INTTYPES_H
| # include <inttypes.h>
| #endif
| #ifdef HAVE_STDINT_H
| # include <stdint.h>
| #endif
| #ifdef HAVE_STRINGS_H
| # include <strings.h>
| #endif
| #ifdef HAVE_SYS_TYPES_H
| # include <sys/types.h>
| #endif
| #ifdef HAVE_SYS_STAT_H
| # include <sys/stat.h>
| #endif
| #ifdef HAVE_UNISTD_H
| # include <unistd.h>
| #endif
| int
| main (void)
| {
| if (sizeof ((ssize_t)))
| 	    return 0;
|   ;
|   return 0;
| }
configure:4562: result: yes
configure:4574: checking for strerror
configure:4574: gcc -o conftest -g -O2   conftest.c -lreadline -lncurses -lrhash  >&5
configure:4574: $? = 0
configure:4574: result: yes
configure:4701: checking that generated files are newer than configure
configure:4707: result: done
configure:4730: creating ./config.status

## ---------------------- ##
## Running config.status. ##
## ---------------------- ##

This file was extended by R_HASH_ER config.status 0.00, which was
generated by GNU Autoconf 2.71.  Invocation command line was

  CONFIG_FILES    = 
  CONFIG_HEADERS  = 
  CONFIG_LINKS    = 
  CONFIG_COMMANDS = 
  $ ./config.status 

on menglq-ThinkPad-L14-Gen-1

config.status:851: creating Makefile
config.status:851: creating config.h
config.status:1080: executing depfiles commands
config.status:1157: cd .       && sed -e '/# am--include-marker/d' Makefile         | make -f - am--depfiles
config.status:1162: $? = 0

## ---------------- ##
## Cache variables. ##
## ---------------- ##

ac_cv_c_compiler_gnu=yes
ac_cv_env_CC_set=
ac_cv_env_CC_value=
ac_cv_env_CFLAGS_set=
ac_cv_env_CFLAGS_value=
ac_cv_env_CPPFLAGS_set=
ac_cv_env_CPPFLAGS_value=
ac_cv_env_LDFLAGS_set=
ac_cv_env_LDFLAGS_value=
ac_cv_env_LIBS_set=
ac_cv_env_LIBS_value=
ac_cv_env_build_alias_set=
ac_cv_env_build_alias_value=
ac_cv_env_host_alias_set=
ac_cv_env_host_alias_value=
ac_cv_env_target_alias_set=
ac_cv_env_target_alias_value=
ac_cv_func_strerror=yes
ac_cv_header_inttypes_h=yes
ac_cv_header_readline_readline_h=yes
ac_cv_header_rhash_h=yes
ac_cv_header_stdint_h=yes
ac_cv_header_stdio_h=yes
ac_cv_header_stdlib_h=yes
ac_cv_header_string_h=yes
ac_cv_header_strings_h=yes
ac_cv_header_sys_stat_h=yes
ac_cv_header_sys_types_h=yes
ac_cv_header_unistd_h=yes
ac_cv_lib_ncurses_tputs=yes
ac_cv_lib_readline__lncurses_readline=yes
ac_cv_lib_rhash_rhash_library_init=yes
ac_cv_objext=o
ac_cv_path_install='/usr/bin/install -c'
ac_cv_path_mkdir=/usr/bin/mkdir
ac_cv_prog_AWK=gawk
ac_cv_prog_ac_ct_CC=gcc
ac_cv_prog_cc_c11=
ac_cv_prog_cc_g=yes
ac_cv_prog_cc_stdc=
ac_cv_prog_make_make_set=yes
ac_cv_type_ssize_t=yes
am_cv_CC_dependencies_compiler_type=gcc3
am_cv_make_support_nested_variables=yes
am_cv_prog_cc_c_o=yes

## ----------------- ##
## Output variables. ##
## ----------------- ##

ACLOCAL='${SHELL} '\''/home/menglq/wen2jian4/programming/gitRepo/DVRPOdGNULinux_dz2023/07_Environmental/missing'\'' aclocal-1.16'
AMDEPBACKSLASH='\'
AMDEP_FALSE='#'
AMDEP_TRUE=''
AMTAR='$${TAR-tar}'
AM_BACKSLASH='\'
AM_DEFAULT_V='$(AM_DEFAULT_VERBOSITY)'
AM_DEFAULT_VERBOSITY='1'
AM_V='$(V)'
AUTOCONF='${SHELL} '\''/home/menglq/wen2jian4/programming/gitRepo/DVRPOdGNULinux_dz2023/07_Environmental/missing'\'' autoconf'
AUTOHEADER='${SHELL} '\''/home/menglq/wen2jian4/programming/gitRepo/DVRPOdGNULinux_dz2023/07_Environmental/missing'\'' autoheader'
AUTOMAKE='${SHELL} '\''/home/menglq/wen2jian4/programming/gitRepo/DVRPOdGNULinux_dz2023/07_Environmental/missing'\'' automake-1.16'
AWK='gawk'
CC='gcc'
CCDEPMODE='depmode=gcc3'
CFLAGS='-g -O2'
CPPFLAGS=''
CSCOPE='cscope'
CTAGS='ctags'
CYGPATH_W='echo'
DEFS='-DHAVE_CONFIG_H'
DEPDIR='.deps'
ECHO_C=''
ECHO_N='-n'
ECHO_T=''
ETAGS='etags'
EXEEXT=''
INSTALL_DATA='${INSTALL} -m 644'
INSTALL_PROGRAM='${INSTALL}'
INSTALL_SCRIPT='${INSTALL}'
INSTALL_STRIP_PROGRAM='$(install_sh) -c -s'
LDFLAGS=''
LIBOBJS=''
LIBS='-lreadline -lncurses -lrhash '
LTLIBOBJS=''
MAKEINFO='${SHELL} '\''/home/menglq/wen2jian4/programming/gitRepo/DVRPOdGNULinux_dz2023/07_Environmental/missing'\'' makeinfo'
MKDIR_P='/usr/bin/mkdir -p'
OBJEXT='o'
PACKAGE='r_hash_er'
PACKAGE_BUGREPORT='kostya45e@mail.ru'
PACKAGE_NAME='R_HASH_ER'
PACKAGE_STRING='R_HASH_ER 0.00'
PACKAGE_TARNAME='r_hash_er'
PACKAGE_URL=''
PACKAGE_VERSION='0.00'
PATH_SEPARATOR=':'
SET_MAKE=''
SHELL='/bin/bash'
STRIP=''
VERSION='0.00'
ac_ct_CC='gcc'
am__EXEEXT_FALSE=''
am__EXEEXT_TRUE='#'
am__fastdepCC_FALSE='#'
am__fastdepCC_TRUE=''
am__include='include'
am__isrc=''
am__leading_dot='.'
am__nodep='_no'
am__quote=''
am__tar='$${TAR-tar} chof - "$$tardir"'
am__untar='$${TAR-tar} xf -'
bindir='${exec_prefix}/bin'
build_alias=''
datadir='${datarootdir}'
datarootdir='${prefix}/share'
docdir='${datarootdir}/doc/${PACKAGE_TARNAME}'
dvidir='${docdir}'
exec_prefix='${prefix}'
host_alias=''
htmldir='${docdir}'
includedir='${prefix}/include'
infodir='${datarootdir}/info'
install_sh='${SHELL} /home/menglq/wen2jian4/programming/gitRepo/DVRPOdGNULinux_dz2023/07_Environmental/install-sh'
libdir='${exec_prefix}/lib'
libexecdir='${exec_prefix}/libexec'
localedir='${datarootdir}/locale'
localstatedir='${prefix}/var'
mandir='${datarootdir}/man'
mkdir_p='$(MKDIR_P)'
oldincludedir='/usr/include'
pdfdir='${docdir}'
prefix='/usr/local'
program_transform_name='s,x,x,'
psdir='${docdir}'
runstatedir='${localstatedir}/run'
sbindir='${exec_prefix}/sbin'
sharedstatedir='${prefix}/com'
sysconfdir='${prefix}/etc'
target_alias=''

## ----------- ##
## confdefs.h. ##
## ----------- ##

/* confdefs.h */
#define PACKAGE_NAME "R_HASH_ER"
#define PACKAGE_TARNAME "r_hash_er"
#define PACKAGE_VERSION "0.00"
#define PACKAGE_STRING "R_HASH_ER 0.00"
#define PACKAGE_BUGREPORT "kostya45e@mail.ru"
#define PACKAGE_URL ""
#define PACKAGE "r_hash_er"
#define VERSION "0.00"
#define HAVE_LIBRHASH 1
#define HAVE_LIBREADLINE__LNCURSES 1
#define HAVE_STDIO_H 1
#define HAVE_STDLIB_H 1
#define HAVE_STRING_H 1
#define HAVE_INTTYPES_H 1
#define HAVE_STDINT_H 1
#define HAVE_STRINGS_H 1
#define HAVE_SYS_STAT_H 1
#define HAVE_SYS_TYPES_H 1
#define HAVE_UNISTD_H 1
#define STDC_HEADERS 1
#define HAVE_UNISTD_H 1
#define HAVE_STRERROR 1
#define RDLN 1

configure: exit 0
