This file contains any messages produced by compilers while
running configure, to aid debugging if configure makes a mistake.

It was created by numMagician configure 0.00, which was
generated by GNU Autoconf 2.71.  Invocation command line was

  $ ./configure

## --------- ##
## Platform. ##
## --------- ##

hostname = menglq-ThinkPad-L14-Gen-1
uname -m = x86_64
uname -r = 6.2.0-33-generic
uname -s = Linux
uname -v = #33~22.04.1-Ubuntu SMP PREEMPT_DYNAMIC Thu Sep  7 10:33:52 UTC 2

/usr/bin/uname -p = x86_64
/bin/uname -X     = unknown

/bin/arch              = x86_64
/usr/bin/arch -k       = unknown
/usr/convex/getsysinfo = unknown
/usr/bin/hostinfo      = unknown
/bin/machine           = unknown
/usr/bin/oslevel       = unknown
/bin/universe          = unknown

PATH: /lib/anaconda3/bin/
PATH: /usr/local/sbin/
PATH: /usr/local/bin/
PATH: /usr/sbin/
PATH: /usr/bin/
PATH: /sbin/
PATH: /bin/
PATH: /usr/games/
PATH: /usr/local/games/
PATH: /snap/bin/


## ----------- ##
## Core tests. ##
## ----------- ##

configure:2417: looking for aux files: config.guess config.sub compile config.rpath missing install-sh
configure:2430:  trying ./
configure:2459:   ./config.guess found
configure:2459:   ./config.sub found
configure:2459:   ./compile found
configure:2459:   ./config.rpath found
configure:2459:   ./missing found
configure:2441:   ./install-sh found
configure:2588: checking for a BSD-compatible install
configure:2661: result: /usr/bin/install -c
configure:2672: checking whether build environment is sane
configure:2727: result: yes
configure:2886: checking for a race-free mkdir -p
configure:2930: result: /usr/bin/mkdir -p
configure:2937: checking for gawk
configure:2958: found /usr/bin/gawk
configure:2969: result: gawk
configure:2980: checking whether make sets $(MAKE)
configure:3003: result: yes
configure:3033: checking whether make supports nested variables
configure:3051: result: yes
configure:3187: checking for a sed that does not truncate output
configure:3257: result: /usr/bin/sed
configure:3263: checking whether NLS is requested
configure:3273: result: yes
configure:3313: checking for msgfmt
configure: trying /usr/bin/msgfmt...
0 translated messages.
configure:3346: result: /usr/bin/msgfmt
configure:3355: checking for gmsgfmt
configure:3391: result: /usr/bin/msgfmt
configure:3436: checking for xgettext
configure: trying /usr/bin/xgettext...
/usr/bin/xgettext: warning: file '/dev/null' extension '' is unknown; will try C
configure:3469: result: /usr/bin/xgettext
configure:3514: checking for msgmerge
configure: trying /usr/bin/msgmerge...
configure:3546: result: /usr/bin/msgmerge
configure:3600: checking whether make supports the include directive
configure:3615: make -f confmf.GNU && cat confinc.out
this is the am__doit target
configure:3618: $? = 0
configure:3637: result: yes (GNU style)
configure:3713: checking for gcc
configure:3734: found /usr/bin/gcc
configure:3745: result: gcc
configure:4098: checking for C compiler version
configure:4107: gcc --version >&5
gcc (Ubuntu 11.4.0-1ubuntu1~22.04) 11.4.0
Copyright (C) 2021 Free Software Foundation, Inc.
This is free software; see the source for copying conditions.  There is NO
warranty; not even for MERCHANTABILITY or FITNESS FOR A PARTICULAR PURPOSE.

configure:4118: $? = 0
configure:4107: gcc -v >&5
Using built-in specs.
COLLECT_GCC=gcc
COLLECT_LTO_WRAPPER=/usr/lib/gcc/x86_64-linux-gnu/11/lto-wrapper
OFFLOAD_TARGET_NAMES=nvptx-none:amdgcn-amdhsa
OFFLOAD_TARGET_DEFAULT=1
Target: x86_64-linux-gnu
Configured with: ../src/configure -v --with-pkgversion='Ubuntu 11.4.0-1ubuntu1~22.04' --with-bugurl=file:///usr/share/doc/gcc-11/README.Bugs --enable-languages=c,ada,c++,go,brig,d,fortran,objc,obj-c++,m2 --prefix=/usr --with-gcc-major-version-only --program-suffix=-11 --program-prefix=x86_64-linux-gnu- --enable-shared --enable-linker-build-id --libexecdir=/usr/lib --without-included-gettext --enable-threads=posix --libdir=/usr/lib --enable-nls --enable-bootstrap --enable-clocale=gnu --enable-libstdcxx-debug --enable-libstdcxx-time=yes --with-default-libstdcxx-abi=new --enable-gnu-unique-object --disable-vtable-verify --enable-plugin --enable-default-pie --with-system-zlib --enable-libphobos-checking=release --with-target-system-zlib=auto --enable-objc-gc=auto --enable-multiarch --disable-werror --enable-cet --with-arch-32=i686 --with-abi=m64 --with-multilib-list=m32,m64,mx32 --enable-multilib --with-tune=generic --enable-offload-targets=nvptx-none=/build/gcc-11-XeT9lY/gcc-11-11.4.0/debian/tmp-nvptx/usr,amdgcn-amdhsa=/build/gcc-11-XeT9lY/gcc-11-11.4.0/debian/tmp-gcn/usr --without-cuda-driver --enable-checking=release --build=x86_64-linux-gnu --host=x86_64-linux-gnu --target=x86_64-linux-gnu --with-build-config=bootstrap-lto-lean --enable-link-serialization=2
Thread model: posix
Supported LTO compression algorithms: zlib zstd
gcc version 11.4.0 (Ubuntu 11.4.0-1ubuntu1~22.04) 
... rest of stderr output deleted ...
configure:4118: $? = 0
configure:4107: gcc -V >&5
gcc: error: unrecognized command-line option '-V'
gcc: fatal error: no input files
compilation terminated.
configure:4118: $? = 1
configure:4107: gcc -qversion >&5
gcc: error: unrecognized command-line option '-qversion'; did you mean '--version'?
gcc: fatal error: no input files
compilation terminated.
configure:4118: $? = 1
configure:4107: gcc -version >&5
gcc: error: unrecognized command-line option '-version'
gcc: fatal error: no input files
compilation terminated.
configure:4118: $? = 1
configure:4138: checking whether the C compiler works
configure:4160: gcc    conftest.c  >&5
configure:4164: $? = 0
configure:4214: result: yes
configure:4217: checking for C compiler default output file name
configure:4219: result: a.out
configure:4225: checking for suffix of executables
configure:4232: gcc -o conftest    conftest.c  >&5
configure:4236: $? = 0
configure:4259: result: 
configure:4281: checking whether we are cross compiling
configure:4289: gcc -o conftest    conftest.c  >&5
configure:4293: $? = 0
configure:4300: ./conftest
configure:4304: $? = 0
configure:4319: result: no
configure:4324: checking for suffix of object files
configure:4347: gcc -c   conftest.c >&5
configure:4351: $? = 0
configure:4373: result: o
configure:4377: checking whether the compiler supports GNU C
configure:4397: gcc -c   conftest.c >&5
configure:4397: $? = 0
configure:4407: result: yes
configure:4418: checking whether gcc accepts -g
configure:4439: gcc -c -g  conftest.c >&5
configure:4439: $? = 0
configure:4483: result: yes
configure:4503: checking for gcc option to enable C11 features
configure:4518: gcc  -c -g -O2  conftest.c >&5
configure:4518: $? = 0
configure:4536: result: none needed
configure:4652: checking whether gcc understands -c and -o together
configure:4675: gcc -c conftest.c -o conftest2.o
configure:4678: $? = 0
configure:4675: gcc -c conftest.c -o conftest2.o
configure:4678: $? = 0
configure:4690: result: yes
configure:4709: checking dependency style of gcc
configure:4821: result: gcc3
configure:4842: checking build system type
configure:4857: result: x86_64-pc-linux-gnu
configure:4877: checking host system type
configure:4891: result: x86_64-pc-linux-gnu
configure:4939: checking for ld used by gcc
configure:5067: result: /usr/bin/ld
configure:5074: checking if the linker (/usr/bin/ld) is GNU ld
configure:5090: result: yes
configure:5098: checking for shared library run path origin
configure:5112: result: done
configure:5134: checking 32-bit host C ABI
configure:5201: gcc -c -g -O2  conftest.c >&5
configure:5201: $? = 0
configure:5397: result: no
configure:5407: checking how to run the C preprocessor
configure:5433: gcc -E  conftest.c
configure:5433: $? = 0
configure:5448: gcc -E  conftest.c
conftest.c:11:10: fatal error: ac_nonexistent.h: No such file or directory
   11 | #include <ac_nonexistent.h>
      |          ^~~~~~~~~~~~~~~~~~
compilation terminated.
configure:5448: $? = 1
configure: failed program was:
| /* confdefs.h */
| #define PACKAGE_NAME "numMagician"
| #define PACKAGE_TARNAME "nummagician"
| #define PACKAGE_VERSION "0.00"
| #define PACKAGE_STRING "numMagician 0.00"
| #define PACKAGE_BUGREPORT "kostya45e@mail.ru"
| #define PACKAGE_URL ""
| #define PACKAGE "nummagician"
| #define VERSION "0.00"
| /* end confdefs.h.  */
| #include <ac_nonexistent.h>
configure:5475: result: gcc -E
configure:5489: gcc -E  conftest.c
configure:5489: $? = 0
configure:5504: gcc -E  conftest.c
conftest.c:11:10: fatal error: ac_nonexistent.h: No such file or directory
   11 | #include <ac_nonexistent.h>
      |          ^~~~~~~~~~~~~~~~~~
compilation terminated.
configure:5504: $? = 1
configure: failed program was:
| /* confdefs.h */
| #define PACKAGE_NAME "numMagician"
| #define PACKAGE_TARNAME "nummagician"
| #define PACKAGE_VERSION "0.00"
| #define PACKAGE_STRING "numMagician 0.00"
| #define PACKAGE_BUGREPORT "kostya45e@mail.ru"
| #define PACKAGE_URL ""
| #define PACKAGE "nummagician"
| #define VERSION "0.00"
| /* end confdefs.h.  */
| #include <ac_nonexistent.h>
configure:5535: checking for grep that handles long lines and -e
configure:5599: result: /usr/bin/grep
configure:5604: checking for egrep
configure:5672: result: /usr/bin/grep -E
configure:5681: checking for ELF binary format
configure:5705: result: yes
configure:5754: checking for the common suffixes of directories in the library search path
configure:5823: result: lib,lib,lib64
configure:6341: checking for CFPreferencesCopyAppValue
configure:6360: gcc -o conftest -g -O2   conftest.c  -Wl,-framework -Wl,CoreFoundation >&5
conftest.c:11:10: fatal error: CoreFoundation/CFPreferences.h: No such file or directory
   11 | #include <CoreFoundation/CFPreferences.h>
      |          ^~~~~~~~~~~~~~~~~~~~~~~~~~~~~~~~
compilation terminated.
configure:6360: $? = 1
configure: failed program was:
| /* confdefs.h */
| #define PACKAGE_NAME "numMagician"
| #define PACKAGE_TARNAME "nummagician"
| #define PACKAGE_VERSION "0.00"
| #define PACKAGE_STRING "numMagician 0.00"
| #define PACKAGE_BUGREPORT "kostya45e@mail.ru"
| #define PACKAGE_URL ""
| #define PACKAGE "nummagician"
| #define VERSION "0.00"
| /* end confdefs.h.  */
| #include <CoreFoundation/CFPreferences.h>
| int
| main (void)
| {
| CFPreferencesCopyAppValue(NULL, NULL)
|   ;
|   return 0;
| }
configure:6370: result: no
configure:6377: checking for CFLocaleCopyPreferredLanguages
configure:6396: gcc -o conftest -g -O2   conftest.c  -Wl,-framework -Wl,CoreFoundation >&5
conftest.c:11:10: fatal error: CoreFoundation/CFLocale.h: No such file or directory
   11 | #include <CoreFoundation/CFLocale.h>
      |          ^~~~~~~~~~~~~~~~~~~~~~~~~~~
compilation terminated.
configure:6396: $? = 1
configure: failed program was:
| /* confdefs.h */
| #define PACKAGE_NAME "numMagician"
| #define PACKAGE_TARNAME "nummagician"
| #define PACKAGE_VERSION "0.00"
| #define PACKAGE_STRING "numMagician 0.00"
| #define PACKAGE_BUGREPORT "kostya45e@mail.ru"
| #define PACKAGE_URL ""
| #define PACKAGE "nummagician"
| #define VERSION "0.00"
| /* end confdefs.h.  */
| #include <CoreFoundation/CFLocale.h>
| int
| main (void)
| {
| CFLocaleCopyPreferredLanguages();
|   ;
|   return 0;
| }
configure:6406: result: no
configure:6456: checking for GNU gettext in libc
configure:6486: gcc -o conftest -g -O2   conftest.c  >&5
configure:6486: $? = 0
configure:6496: result: yes
configure:7387: checking whether to use NLS
configure:7389: result: yes
configure:7392: checking where the gettext function comes from
configure:7403: result: libc
configure:7522: checking for gcc
configure:7554: result: gcc
configure:7907: checking for C compiler version
configure:7916: gcc --version >&5
gcc (Ubuntu 11.4.0-1ubuntu1~22.04) 11.4.0
Copyright (C) 2021 Free Software Foundation, Inc.
This is free software; see the source for copying conditions.  There is NO
warranty; not even for MERCHANTABILITY or FITNESS FOR A PARTICULAR PURPOSE.

configure:7927: $? = 0
configure:7916: gcc -v >&5
Using built-in specs.
COLLECT_GCC=gcc
COLLECT_LTO_WRAPPER=/usr/lib/gcc/x86_64-linux-gnu/11/lto-wrapper
OFFLOAD_TARGET_NAMES=nvptx-none:amdgcn-amdhsa
OFFLOAD_TARGET_DEFAULT=1
Target: x86_64-linux-gnu
Configured with: ../src/configure -v --with-pkgversion='Ubuntu 11.4.0-1ubuntu1~22.04' --with-bugurl=file:///usr/share/doc/gcc-11/README.Bugs --enable-languages=c,ada,c++,go,brig,d,fortran,objc,obj-c++,m2 --prefix=/usr --with-gcc-major-version-only --program-suffix=-11 --program-prefix=x86_64-linux-gnu- --enable-shared --enable-linker-build-id --libexecdir=/usr/lib --without-included-gettext --enable-threads=posix --libdir=/usr/lib --enable-nls --enable-bootstrap --enable-clocale=gnu --enable-libstdcxx-debug --enable-libstdcxx-time=yes --with-default-libstdcxx-abi=new --enable-gnu-unique-object --disable-vtable-verify --enable-plugin --enable-default-pie --with-system-zlib --enable-libphobos-checking=release --with-target-system-zlib=auto --enable-objc-gc=auto --enable-multiarch --disable-werror --enable-cet --with-arch-32=i686 --with-abi=m64 --with-multilib-list=m32,m64,mx32 --enable-multilib --with-tune=generic --enable-offload-targets=nvptx-none=/build/gcc-11-XeT9lY/gcc-11-11.4.0/debian/tmp-nvptx/usr,amdgcn-amdhsa=/build/gcc-11-XeT9lY/gcc-11-11.4.0/debian/tmp-gcn/usr --without-cuda-driver --enable-checking=release --build=x86_64-linux-gnu --host=x86_64-linux-gnu --target=x86_64-linux-gnu --with-build-config=bootstrap-lto-lean --enable-link-serialization=2
Thread model: posix
Supported LTO compression algorithms: zlib zstd
gcc version 11.4.0 (Ubuntu 11.4.0-1ubuntu1~22.04) 
... rest of stderr output deleted ...
configure:7927: $? = 0
configure:7916: gcc -V >&5
gcc: error: unrecognized command-line option '-V'
gcc: fatal error: no input files
compilation terminated.
configure:7927: $? = 1
configure:7916: gcc -qversion >&5
gcc: error: unrecognized command-line option '-qversion'; did you mean '--version'?
gcc: fatal error: no input files
compilation terminated.
configure:7927: $? = 1
configure:7916: gcc -version >&5
gcc: error: unrecognized command-line option '-version'
gcc: fatal error: no input files
compilation terminated.
configure:7927: $? = 1
configure:7931: checking whether the compiler supports GNU C
configure:7961: result: yes
configure:7972: checking whether gcc accepts -g
configure:8037: result: yes
configure:8057: checking for gcc option to enable C11 features
configure:8090: result: none needed
configure:8206: checking whether gcc understands -c and -o together
configure:8244: result: yes
configure:8263: checking dependency style of gcc
configure:8375: result: gcc3
configure:8399: checking for stdio.h
configure:8399: gcc -c -g -O2  conftest.c >&5
configure:8399: $? = 0
configure:8399: result: yes
configure:8399: checking for stdlib.h
configure:8399: gcc -c -g -O2  conftest.c >&5
configure:8399: $? = 0
configure:8399: result: yes
configure:8399: checking for string.h
configure:8399: gcc -c -g -O2  conftest.c >&5
configure:8399: $? = 0
configure:8399: result: yes
configure:8399: checking for inttypes.h
configure:8399: gcc -c -g -O2  conftest.c >&5
configure:8399: $? = 0
configure:8399: result: yes
configure:8399: checking for stdint.h
configure:8399: gcc -c -g -O2  conftest.c >&5
configure:8399: $? = 0
configure:8399: result: yes
configure:8399: checking for strings.h
configure:8399: gcc -c -g -O2  conftest.c >&5
configure:8399: $? = 0
configure:8399: result: yes
configure:8399: checking for sys/stat.h
configure:8399: gcc -c -g -O2  conftest.c >&5
configure:8399: $? = 0
configure:8399: result: yes
configure:8399: checking for sys/types.h
configure:8399: gcc -c -g -O2  conftest.c >&5
configure:8399: $? = 0
configure:8399: result: yes
configure:8399: checking for unistd.h
configure:8399: gcc -c -g -O2  conftest.c >&5
configure:8399: $? = 0
configure:8399: result: yes
configure:8424: checking for libintl.h
configure:8424: gcc -c -g -O2  conftest.c >&5
configure:8424: $? = 0
configure:8424: result: yes
configure:8430: checking for locale.h
configure:8430: gcc -c -g -O2  conftest.c >&5
configure:8430: $? = 0
configure:8430: result: yes
configure:8436: checking for stdlib.h
configure:8436: result: yes
configure:8447: checking for realpath
configure:8447: gcc -o conftest -g -O2   conftest.c  >&5
configure:8447: $? = 0
configure:8447: result: yes
configure:8453: checking for setlocale
configure:8453: gcc -o conftest -g -O2   conftest.c  >&5
configure:8453: $? = 0
configure:8453: result: yes
configure:8564: checking that generated files are newer than configure
configure:8570: result: done
configure:8597: creating ./config.status

## ---------------------- ##
## Running config.status. ##
## ---------------------- ##

This file was extended by numMagician config.status 0.00, which was
generated by GNU Autoconf 2.71.  Invocation command line was

  CONFIG_FILES    = 
  CONFIG_HEADERS  = 
  CONFIG_LINKS    = 
  CONFIG_COMMANDS = 
  $ ./config.status 

on menglq-ThinkPad-L14-Gen-1

config.status:893: creating Makefile
config.status:893: creating src/Makefile
config.status:893: creating po/Makefile
config.status:893: creating config.h
config.status:1074: config.h is unchanged
config.status:1122: executing po-directories commands
config.status:1122: executing depfiles commands
config.status:1310: cd src       && sed -e '/# am--include-marker/d' Makefile         | make -f - am--depfiles
make: Nothing to be done for 'am--depfiles'.
config.status:1315: $? = 0

## ---------------- ##
## Cache variables. ##
## ---------------- ##

ac_cv_build=x86_64-pc-linux-gnu
ac_cv_c_compiler_gnu=yes
ac_cv_env_CC_set=
ac_cv_env_CC_value=
ac_cv_env_CFLAGS_set=
ac_cv_env_CFLAGS_value=
ac_cv_env_CPPFLAGS_set=
ac_cv_env_CPPFLAGS_value=
ac_cv_env_CPP_set=
ac_cv_env_CPP_value=
ac_cv_env_LDFLAGS_set=
ac_cv_env_LDFLAGS_value=
ac_cv_env_LIBS_set=
ac_cv_env_LIBS_value=
ac_cv_env_build_alias_set=
ac_cv_env_build_alias_value=
ac_cv_env_host_alias_set=
ac_cv_env_host_alias_value=
ac_cv_env_target_alias_set=
ac_cv_env_target_alias_value=
ac_cv_func_realpath=yes
ac_cv_func_setlocale=yes
ac_cv_header_inttypes_h=yes
ac_cv_header_libintl_h=yes
ac_cv_header_locale_h=yes
ac_cv_header_stdint_h=yes
ac_cv_header_stdio_h=yes
ac_cv_header_stdlib_h=yes
ac_cv_header_string_h=yes
ac_cv_header_strings_h=yes
ac_cv_header_sys_stat_h=yes
ac_cv_header_sys_types_h=yes
ac_cv_header_unistd_h=yes
ac_cv_host=x86_64-pc-linux-gnu
ac_cv_objext=o
ac_cv_path_EGREP='/usr/bin/grep -E'
ac_cv_path_GMSGFMT=/usr/bin/msgfmt
ac_cv_path_GREP=/usr/bin/grep
ac_cv_path_MSGFMT=/usr/bin/msgfmt
ac_cv_path_MSGMERGE=/usr/bin/msgmerge
ac_cv_path_SED=/usr/bin/sed
ac_cv_path_XGETTEXT=/usr/bin/xgettext
ac_cv_path_install='/usr/bin/install -c'
ac_cv_path_mkdir=/usr/bin/mkdir
ac_cv_prog_AWK=gawk
ac_cv_prog_CPP='gcc -E'
ac_cv_prog_ac_ct_CC=gcc
ac_cv_prog_cc_c11=
ac_cv_prog_cc_g=yes
ac_cv_prog_cc_stdc=
ac_cv_prog_make_make_set=yes
acl_cv_hardcode_direct=no
acl_cv_hardcode_libdir_flag_spec='${wl}-rpath ${wl}$libdir'
acl_cv_hardcode_libdir_separator=
acl_cv_hardcode_minus_L=no
acl_cv_libdirstems=lib,lib,lib64
acl_cv_libext=a
acl_cv_libname_spec='lib$name'
acl_cv_library_names_spec='$libname$shrext'
acl_cv_path_LD=/usr/bin/ld
acl_cv_prog_gnu_ld=yes
acl_cv_rpath=done
acl_cv_shlibext=so
acl_cv_wl=-Wl,
am_cv_CC_dependencies_compiler_type=gcc3
am_cv_make_support_nested_variables=yes
am_cv_prog_cc_c_o=yes
gl_cv_elf=yes
gl_cv_host_cpu_c_abi_32bit=no
gt_cv_func_CFLocaleCopyPreferredLanguages=no
gt_cv_func_CFPreferencesCopyAppValue=no
gt_cv_func_gnugettext1_libc=yes

## ----------------- ##
## Output variables. ##
## ----------------- ##

ACLOCAL='${SHELL} '\''/home/menglq/wen2jian4/programming/gitRepo/DVRPOdGNULinux_dz2023/08_I18n/missing'\'' aclocal-1.16'
AMDEPBACKSLASH='\'
AMDEP_FALSE='#'
AMDEP_TRUE=''
AMTAR='$${TAR-tar}'
AM_BACKSLASH='\'
AM_DEFAULT_V='$(AM_DEFAULT_VERBOSITY)'
AM_DEFAULT_VERBOSITY='1'
AM_V='$(V)'
AUTOCONF='${SHELL} '\''/home/menglq/wen2jian4/programming/gitRepo/DVRPOdGNULinux_dz2023/08_I18n/missing'\'' autoconf'
AUTOHEADER='${SHELL} '\''/home/menglq/wen2jian4/programming/gitRepo/DVRPOdGNULinux_dz2023/08_I18n/missing'\'' autoheader'
AUTOMAKE='${SHELL} '\''/home/menglq/wen2jian4/programming/gitRepo/DVRPOdGNULinux_dz2023/08_I18n/missing'\'' automake-1.16'
AWK='gawk'
CC='gcc'
CCDEPMODE='depmode=gcc3'
CFLAGS='-g -O2'
CPP='gcc -E'
CPPFLAGS=''
CSCOPE='cscope'
CTAGS='ctags'
CYGPATH_W='echo'
DEFS='-DHAVE_CONFIG_H'
DEPDIR='.deps'
ECHO_C=''
ECHO_N='-n'
ECHO_T=''
EGREP='/usr/bin/grep -E'
ETAGS='etags'
EXEEXT=''
GETTEXT_MACRO_VERSION='0.20'
GETTEXT_PACKAGE='numMagician'
GMSGFMT='/usr/bin/msgfmt'
GMSGFMT_015='/usr/bin/msgfmt'
GREP='/usr/bin/grep'
INSTALL_DATA='${INSTALL} -m 644'
INSTALL_PROGRAM='${INSTALL}'
INSTALL_SCRIPT='${INSTALL}'
INSTALL_STRIP_PROGRAM='$(install_sh) -c -s'
INTLLIBS=''
INTL_MACOSX_LIBS=''
LDFLAGS=''
LIBICONV='-liconv'
LIBINTL=''
LIBOBJS=''
LIBS=''
LTLIBICONV='-liconv'
LTLIBINTL=''
LTLIBOBJS=''
MAKEINFO='${SHELL} '\''/home/menglq/wen2jian4/programming/gitRepo/DVRPOdGNULinux_dz2023/08_I18n/missing'\'' makeinfo'
MKDIR_P='/usr/bin/mkdir -p'
MSGFMT='/usr/bin/msgfmt'
MSGMERGE='/usr/bin/msgmerge'
MSGMERGE_FOR_MSGFMT_OPTION='--for-msgfmt'
OBJEXT='o'
PACKAGE='nummagician'
PACKAGE_BUGREPORT='kostya45e@mail.ru'
PACKAGE_NAME='numMagician'
PACKAGE_STRING='numMagician 0.00'
PACKAGE_TARNAME='nummagician'
PACKAGE_URL=''
PACKAGE_VERSION='0.00'
PATH_SEPARATOR=':'
POSUB='po'
SED='/usr/bin/sed'
SET_MAKE=''
SHELL='/bin/bash'
STRIP=''
USE_NLS='yes'
VERSION='0.00'
XGETTEXT='/usr/bin/xgettext'
XGETTEXT_015='/usr/bin/xgettext'
XGETTEXT_EXTRA_OPTIONS=''
ac_ct_CC='gcc'
am__EXEEXT_FALSE=''
am__EXEEXT_TRUE='#'
am__fastdepCC_FALSE='#'
am__fastdepCC_TRUE=''
am__include='include'
am__isrc=''
am__leading_dot='.'
am__nodep='_no'
am__quote=''
am__tar='$${TAR-tar} chof - "$$tardir"'
am__untar='$${TAR-tar} xf -'
bindir='${exec_prefix}/bin'
build='x86_64-pc-linux-gnu'
build_alias=''
build_cpu='x86_64'
build_os='linux-gnu'
build_vendor='pc'
datadir='${datarootdir}'
datarootdir='${prefix}/share'
docdir='${datarootdir}/doc/${PACKAGE_TARNAME}'
dvidir='${docdir}'
exec_prefix='${prefix}'
host='x86_64-pc-linux-gnu'
host_alias=''
host_cpu='x86_64'
host_os='linux-gnu'
host_vendor='pc'
htmldir='${docdir}'
includedir='${prefix}/include'
infodir='${datarootdir}/info'
install_sh='${SHELL} /home/menglq/wen2jian4/programming/gitRepo/DVRPOdGNULinux_dz2023/08_I18n/install-sh'
libdir='${exec_prefix}/lib'
libexecdir='${exec_prefix}/libexec'
localedir='${datarootdir}/locale'
localstatedir='${prefix}/var'
mandir='${datarootdir}/man'
mkdir_p='$(MKDIR_P)'
oldincludedir='/usr/include'
pdfdir='${docdir}'
prefix='/usr/local'
program_transform_name='s,x,x,'
psdir='${docdir}'
runstatedir='${localstatedir}/run'
sbindir='${exec_prefix}/sbin'
sharedstatedir='${prefix}/com'
sysconfdir='${prefix}/etc'
target_alias=''

## ----------- ##
## confdefs.h. ##
## ----------- ##

/* confdefs.h */
#define PACKAGE_NAME "numMagician"
#define PACKAGE_TARNAME "nummagician"
#define PACKAGE_VERSION "0.00"
#define PACKAGE_STRING "numMagician 0.00"
#define PACKAGE_BUGREPORT "kostya45e@mail.ru"
#define PACKAGE_URL ""
#define PACKAGE "nummagician"
#define VERSION "0.00"
#define ENABLE_NLS 1
#define HAVE_GETTEXT 1
#define HAVE_DCGETTEXT 1
#define HAVE_STDIO_H 1
#define HAVE_STDLIB_H 1
#define HAVE_STRING_H 1
#define HAVE_INTTYPES_H 1
#define HAVE_STDINT_H 1
#define HAVE_STRINGS_H 1
#define HAVE_SYS_STAT_H 1
#define HAVE_SYS_TYPES_H 1
#define HAVE_UNISTD_H 1
#define STDC_HEADERS 1
#define HAVE_LIBINTL_H 1
#define HAVE_LOCALE_H 1
#define HAVE_STDLIB_H 1
#define HAVE_REALPATH 1
#define HAVE_SETLOCALE 1

configure: exit 0
